

 		 ********Flooding********


Message is currently at 0

Message sent to 1

Message sent to 2

Message sent to 3

Message sent to 4

Message sent to 5
Here? false


Message is currently at 1

Message sent to 0
The message has already arrived at node 0, Discard please

Message sent to 2

Message sent to 6

Message sent to 7

Message sent to 8
Here? false


Message is currently at 3

Message sent to 0
The message has already arrived at node 0, Discard please

Message sent to 2

Message sent to 4

Message sent to 8

Message sent to 9
Here? false


Message is currently at 5

Message sent to 0
The message has already arrived at node 0, Discard please

Message sent to 10

Message sent to 11

Message sent to 16

Message sent to 18
Here? false


Message is currently at 6

Message sent to 1
The message has already arrived at node 1, Discard please

Message sent to 2

Message sent to 7

Message sent to 12

Message sent to 13
Here? false


Message is currently at 11

Message sent to 4

Message sent to 5
The message has already arrived at node 5, Discard please

Message sent to 10

Message sent to 17

Message sent to 24
Here? false


Message is currently at 16

Message sent to 5
The message has already arrived at node 5, Discard please

Message sent to 9

Message sent to 15

Message sent to 17
The message has already arrived at node 17, Discard please

Message sent to 22
Here? false


Message is currently at 18

Message sent to 5
The message has already arrived at node 5, Discard please

Message sent to 17
The message has already arrived at node 17, Discard please

Message sent to 22
The message has already arrived at node 22, Discard please

Message sent to 24

Message sent to 25
The message path is [0, 5, 18]
Message Successfully delivered to 25
The message at U is Here we are
